mode: set
github.com/avpavlov-cloud/wallet-api/cmd/api/main.go:19.50,27.2 7 1
github.com/avpavlov-cloud/wallet-api/cmd/api/main.go:27.2,31.3 3 1
github.com/avpavlov-cloud/wallet-api/cmd/api/main.go:33.2,33.10 1 1
github.com/avpavlov-cloud/wallet-api/cmd/api/main.go:36.13,45.21 4 0
github.com/avpavlov-cloud/wallet-api/cmd/api/main.go:45.21,48.3 1 0
github.com/avpavlov-cloud/wallet-api/cmd/api/main.go:51.2,52.16 2 0
github.com/avpavlov-cloud/wallet-api/cmd/api/main.go:52.16,55.3 2 0
github.com/avpavlov-cloud/wallet-api/cmd/api/main.go:56.2,59.58 2 0
github.com/avpavlov-cloud/wallet-api/cmd/api/main.go:59.58,62.3 2 0
github.com/avpavlov-cloud/wallet-api/cmd/api/main.go:64.2,73.12 3 0
github.com/avpavlov-cloud/wallet-api/cmd/api/main.go:73.12,75.77 2 0
github.com/avpavlov-cloud/wallet-api/cmd/api/main.go:75.77,78.4 2 0
github.com/avpavlov-cloud/wallet-api/cmd/api/main.go:82.2,93.42 7 0
github.com/avpavlov-cloud/wallet-api/cmd/api/main.go:93.42,96.3 2 0
github.com/avpavlov-cloud/wallet-api/cmd/api/main.go:98.2,98.40 1 0
github.com/avpavlov-cloud/wallet-api/internal/middleware/auth.go:10.39,11.30 1 0
github.com/avpavlov-cloud/wallet-api/internal/middleware/auth.go:11.30,17.44 3 0
github.com/avpavlov-cloud/wallet-api/internal/middleware/auth.go:17.44,21.4 3 0
github.com/avpavlov-cloud/wallet-api/internal/middleware/auth.go:22.3,22.11 1 0
github.com/avpavlov-cloud/wallet-api/internal/middleware/logger.go:11.35,12.30 1 0
github.com/avpavlov-cloud/wallet-api/internal/middleware/logger.go:12.30,35.3 7 0
github.com/avpavlov-cloud/wallet-api/internal/handlers/account.go:19.42,21.2 1 0
github.com/avpavlov-cloud/wallet-api/internal/handlers/account.go:23.55,26.47 2 0
github.com/avpavlov-cloud/wallet-api/internal/handlers/account.go:26.47,29.3 2 0
github.com/avpavlov-cloud/wallet-api/internal/handlers/account.go:32.2,39.16 5 0
github.com/avpavlov-cloud/wallet-api/internal/handlers/account.go:39.16,46.3 3 0
github.com/avpavlov-cloud/wallet-api/internal/handlers/account.go:48.2,56.53 2 0
github.com/avpavlov-cloud/wallet-api/internal/handlers/account.go:59.50,61.47 2 0
github.com/avpavlov-cloud/wallet-api/internal/handlers/account.go:61.47,64.3 2 0
github.com/avpavlov-cloud/wallet-api/internal/handlers/account.go:67.2,67.42 1 0
github.com/avpavlov-cloud/wallet-api/internal/handlers/account.go:67.42,70.3 2 0
github.com/avpavlov-cloud/wallet-api/internal/handlers/account.go:72.2,73.16 2 0
github.com/avpavlov-cloud/wallet-api/internal/handlers/account.go:73.16,76.3 2 0
github.com/avpavlov-cloud/wallet-api/internal/handlers/account.go:77.2,81.24 3 0
github.com/avpavlov-cloud/wallet-api/internal/handlers/account.go:81.24,83.3 1 0
github.com/avpavlov-cloud/wallet-api/internal/handlers/account.go:87.2,97.43 4 0
github.com/avpavlov-cloud/wallet-api/internal/handlers/account.go:97.43,100.3 2 0
github.com/avpavlov-cloud/wallet-api/internal/handlers/account.go:103.2,107.43 2 0
github.com/avpavlov-cloud/wallet-api/internal/handlers/account.go:107.43,110.3 2 0
github.com/avpavlov-cloud/wallet-api/internal/handlers/account.go:113.2,117.56 2 0
github.com/avpavlov-cloud/wallet-api/internal/handlers/account.go:117.56,120.3 2 0
github.com/avpavlov-cloud/wallet-api/internal/handlers/account.go:122.2,122.64 1 0
github.com/avpavlov-cloud/wallet-api/internal/handlers/account.go:125.56,131.16 3 0
github.com/avpavlov-cloud/wallet-api/internal/handlers/account.go:131.16,134.3 2 0
github.com/avpavlov-cloud/wallet-api/internal/handlers/account.go:135.2,143.16 4 0
github.com/avpavlov-cloud/wallet-api/internal/handlers/account.go:143.16,146.3 2 0
github.com/avpavlov-cloud/wallet-api/internal/handlers/account.go:149.2,156.16 2 0
github.com/avpavlov-cloud/wallet-api/internal/handlers/account.go:156.16,159.3 2 0
github.com/avpavlov-cloud/wallet-api/internal/handlers/account.go:160.2,163.18 3 0
github.com/avpavlov-cloud/wallet-api/internal/handlers/account.go:163.18,167.65 4 0
github.com/avpavlov-cloud/wallet-api/internal/handlers/account.go:167.65,171.4 1 0
github.com/avpavlov-cloud/wallet-api/internal/handlers/account.go:174.2,177.4 1 0
